let 's
today ,
we 're
we let 's getlet 's get out
let നമുക്ക് go out .
let നമുക്ക് go out .
it 's a nice suit .
this is a nice suit .
this is a nice suit .
this is a good suit .
this is a good place to play .
this is a good place to play .
this is a good place to watch .
this is a good place to worship .
this is a good place to worship .
this is a good place to work .
this is a good place to work .
tomorrow you will be with me .
tomorrow you will you join me tomorrow
and you join me tomorrow
are you with me tomorrow
are you coming with me tomorrow
are you coming with me tomorrow
are you coming with me tomorrow ?
are you coming with me tomorrow ?
are you listening with me ?
are you listening with me ?
are you listening with me ?
are you consistent with me ?
are you commanded ?
are you consistent with whom you ,
are you consistent with me ?
are you complaint with me ?
are you comings and goings ?
are you coming with me ?
are you coming with me tonight ?
are you coming with me tomorrow
are you coming with me tommy
are you coming with me tomorrow ?
are you coming with me tomorrow ?
are you coming with me tomorrow ?
are you coming with me tomorrow ?
let us start
let us start
let us start
let us start
let us start
let us begin
let us begin
let us start
let us start
let us start
you 're coming back
you 're coming back
you 're coming back
what are you doing back in ?
what are you doing back in ?
what are you doing back in ?
what are you doing back in ?
when you 're leaving
when are you going back
when are you coming back
when are you coming back
when are you coming back here
when are you coming back home
when are you coming back home ?
to work .
this is a good place to work .
this is a good place to work .
this is a good place to work .
this is a good place to work .
this is a good place to work .
this is a good place to work .
tomorrow you
tomorrow ,
you will
you 'll
you 're
and tomorrow
and you
as you
after you
as tomorrow
and tomorrow you
and tomorrow ,
and you will
as tomorrow you
as you leave
are you with
are you going
are you coming
are you staying
are you playing
are you coming with me
are you coming with me
are you coming to me
are you coming to me
are you coming out with
are you coming with me tomorrow
are you coming with me tomorrow ?
are you coming with me tomorrow .
are you coming with me tomorrow
are you coming with me tomorrow
are you coming with me tomorrow ?
are you coming with me tomorrow ?
are you coming with me tomorrow ?
are you coming with me tomorrow ?
are you coming with me tomorrow ?
are you coming with me tomorrow ?
are you coming with me tomorrow ?
are you coming with me tomorrow ?
are you coming with me tomorrow ?
are you coming with me tomorrow ?
whether you
are you
is it
do you
whether ye
are you listening
are you taking
are you satisfied
are you wearing
are you going
are you listening with
are you listening with
are you listening to
are you listening with
are you listening with
are you convinced that you
are you consistent with me
are you convinced that you
are you cleared out of
are you convinced that i
are you convinced that you
are you consistent with me
are you convinced that you
are you consistent with me
are you convinced that i
are you convinced that you
are you consistent with me
are you convinced that you
are you consistent with me
are you convinced that i
are you complaint with me
are you comprehended by a
are you comprehended with a
are you compiled with me
are you compiled with lots
are you comings and goings
are you comings and goings
are you coming up with
are you coming with me
are you comings and goings
are you coming with me ?
are you coming with me ?
are you coming with me ?
are you coming with me ?
are you coming with me ?
are you coming with me tonight ?
are you coming with me tonight ?
are you coming with me to the table
are you coming with me to the table
are you coming with me to kill me
are you coming with me tonight ?
are you coming with me tonight ?
are you coming with me tonight ?
are you coming with me to the table
are you coming with me to the table
are you coming with me tommy
are you coming with me tommy
are you coming with me tommy ?
are you coming with me tommy ?
are you coming with me tommy
are you coming with me tomorrow ?
are you coming with me tomorrow ?
are you coming with me tomorrow ?
are you coming with me tomorrow ?
are you coming with me tomorrow ?
are you coming with me tomorrow ?
are you coming with me tomorrow ?
are you coming with me tomorrow ?
are you coming with me tomorrow ?
are you coming with me tomorrow ?
are you coming with me tomorrow ?
are you coming with me tomorrow ?
are you coming with me tomorrow ?
are you coming with me tomorrow ?
are you coming with me tomorrow ?
are you coming with me tomorrow ?
are you coming with me tomorrow ?
are you coming with me tomorrow ?
are you coming with me tomorrow ?
are you coming with me tomorrow ?
let us
let 's
we start
we 're
move we
let us start
let us begin
let us start
let us begin
let us get started
let us start
let us start
let us start
let us start
let us start
let us start
let us start
let us start
let us start
let us start
let us start
let us begin
let us start
let us begin
let us get started
let us begin
let us begin
let us begin
let us begin
let us begin
let us begin
let us begin
let us begin
let us begin
let us begin
let us
let 's
we start
we 're
move we
let us
let 's
we start
we 're
move we
let us
let 's
we start
we 're
move we
you are
you 're
you come
you were
you coming
you are
you 're
you come
you were
you coming
you are
you 're
you come
you were
you coming
what are you
were you coming
we 're done
we 're leaving
will you be
what are you
were you coming
we 're done
we 're leaving
will you be
what are you
what you 're
when you 're
what you doing
who are you
what are you
what you 're
when you 're
what you doing
who are you
when you 're
when you leave
whenyou are
whenyou 're
whence are you
when are you going
when are you coming
when are you leaving
when are you done
when are you doing
when are you coming back
when are you coming back ?
when are you coming back to
when are you coming back ,
when are you coming out
when are you coming back
when are you coming back
when are you coming back ?
when are you coming back
when are you coming back ?
when are you coming back here
when are you coming back here
when are you coming back here
when are you coming back here
when are you coming back home
when are you coming back home
when are you coming back home
when are you coming back home
when are you coming back home ?
when are you coming back home ?
when are you coming back home ?
when are you coming back home ?
when are you coming back home ?
when are you coming back home ?
when are you coming back home ?
